ldi->LID   fileprefix    onefilesize    oneLIDsize    single_num    single_offset     file_size
                                  (null) 115          MT1T           100            98             1            30           130
                                  (null)   7          MT04           286           284             2           130           416
                                  (null) 121          MT0X             8             6             3           416           424
                                  (null) 123          MT0Z            42            40             4           424           466
                                  (null) 155          MT41            72            34             5           466           538
                                  (null) 156          MT42            18            16             6           538           556
                                  (null) 157          MT43            84            40             7           556           640
                                  (null) 158          MT44            16             6             8           640           656
                                  (null) 159          MT45            22            20             9           656           678
                                  (null) 160          MT46           116           114            10           678           794
                                  (null) 146          MT47            18            16            11           794           812
                                  (null) 147          MT48           270           268            12           812          1082
                                  (null) 148          MT49             4             2            13          1082          1086
                                  (null) 149          MT4A            54            52            14          1086          1140
                                  (null) 151          MT4C             4             2            15          1140          1144
                                  (null) 152          MT4D            10             8            16          1144          1154
                                  (null) 125          MT17            18            16            17          1154          1172
                                  (null) 126          MT18           180            16            18          1172          1352
                                  (null) 127          MT19            18            16            19          1352          1370
                                  (null) 170          MT35             3             1            20          1370          1373
                                  (null) 138          MT67           442           440            21          1373          1815
                                  (null) 139          MT68           242           240            22          1815          2057
                                  (null) 140          MT69           218           216            23          2057          2275
                                  (null) 141          MT6D            50            48            24          2275          2325
                                  (null) 143          MT6F            82            80            25          2325          2407
                                  (null) 164          MT6G            40            38            26          2407          2447
                                  (null) 172          MT6K           200             8            27          2447          2647
                                  (null) 176          MT6S             9             7            28          2647          2656
                                  (null) 167          MT6U             6             4            29          2656          2662
                                  (null) 179          MT72             3             1            30          2662          2665
                                  (null)1280          MT50           322           320            31          2665          2987
                                  (null)1322          MT5Y             6             4            32          2987          2993
                                  (null)2816          TP00            28            26            33          2993          3021
                                  (null) 182          MP07            84            40            34          3021          3105
                                  (null) 183          MM00           506           504            35          3105          3611
                                  (null) 184          MM01           506           504            36          3611          4117
                                  (null) 185          MM02           506           504            37          4117          4623
                                  (null) 366          MM05           506           504            38          4623          5129
                                  (null) 187          MP0E            90            16            39          5129          5219
                                  (null) 191          MP0I           402           400            40          5219          5621
                                  (null) 193          MP0K           544           542            41          5621          6165
                                  (null) 197          MP0Q           800             6            42          6165          6965
                                  (null) 205          MP1B            62            60            43          6965          7027
                                  (null) 206          MP1C           137           135            44          7027          7164
                                  (null) 208          MP1M            18            16            45          7164          7182
                                  (null) 209          MP1N            90            16            46          7182          7272
                                  (null) 211          MP1R           396            34            47          7272          7668
                                  (null) 213          MP1S           550           548            48          7668          8218
                                  (null) 214          MP1T           516           256            49          8218          8734
                                  (null) 218          MP1Z           782           780            50          8734          9516
                                  (null) 222          MP25           130           128            51          9516          9646
                                  (null) 224          MP27            46            44            52          9646          9692
                                  (null) 225          MP29            62            60            53          9692          9754
                                  (null) 228          MP2C           678           676            54          9754         10432
                                  (null) 242          MP36            14            12            55         10432         10446
                                  (null) 245          MP39            14            12            56         10446         10460
                                  (null) 247          MT36           210           208            57         10460         10670
                                  (null) 248          MP42            58            56            58         10670         10728
                                  (null) 259          MP4N           274           272            59         10728         11002
                                  (null) 260          MP4O            22            20            60         11002         11024
                                  (null) 298          MP6I             4             2            61         11024         11028
                                  (null) 301          MP6L           514           512            62         11028         11542
                                  (null) 320          MP85           342           340            63         11542         11884
                                  (null) 326          MP90           250            48            64         11884         12134
                                  (null) 342          MPB4            19            17            65         12134         12153
                                  (null) 352          MPC6            30            28            66         12153         12183
                                  (null) 212          MPC8           396            34            67         12183         12579
                                  (null) 353          MPCA            14            12            68         12579         12593
                                  (null) 355          MPCF           760            36            69         12593         13353
                                  (null) 358          MPD2           312            24            70         13353         13665
                                  (null) 362          MPDO            14            12            71         13665         13679
                                  (null) 367          MPDC           178           176            72         13679         13857
                                  (null) 384          MPG0            84            40            73         13857         13941
                                  (null) 386          MPNS           448            12            74         13941         14389
                                  (null) 388          MT8P           186           184            75         14389         14575
                                  (null)1536          MT6A           185           183            76         14575         14760
                                  (null)1545          MT6W             4             2            77         14760         14764
                                  (null)1546          MT80           124           122            78         14764         14888
                                  (null)1803          MPDG             7             5            79         14888         14895
                                  (null)2048          MP1V           370            72            80         14895         15265
