Warning: L6340W: options first and last are ignored for link type of scattered
Warning: L6304W: Duplicate input file mtk_lib\MT6261\S00\gprs\KAL_TRACE_OUTPUT\NONE\abm.lib ignored.
Warning: L6304W: Duplicate input file mtk_lib\MT6261\S00\gprs\KAL_TRACE_OUTPUT\NONE\dp_engine.lib ignored.
Warning: L6304W: Duplicate input file .\build\AURI\gprs\MT6261o\lib\obigo03cfwadp.lib ignored.
Warning: L6304W: Duplicate input file mtk_lib\MT6261\S00\gprs\KAL_TRACE_OUTPUT\NONE\obigo03cfwlib.lib ignored.
Warning: L6304W: Duplicate input file mtk_lib\MT6261\S00\gprs\KAL_TRACE_OUTPUT\NONE\soc.lib ignored.
Warning: L6304W: Duplicate input file mtk_lib\MT6261\S00\gprs\KAL_TRACE_OUTPUT\NONE\tcpip.lib ignored.
Warning: L6304W: Duplicate input file mtk_lib\MT6261\S00\gprs\KAL_TRACE_OUTPUT\NONE\tcpip_wifi.lib ignored.
Warning: L6304W: Duplicate input file hal\audio\lib\MTKRVCT31\BesLoudness.a ignored.
Warning: L6304W: Duplicate input file hal\audio\lib\MTKRVCT31\aac_dec.a ignored.
"custom\system\OVIPHONE03A_11C_BB\5f69baba.tmp", line 80 (column 1): Warning: L6312W: Empty Load region description for region BOOTLOADER
"custom\system\OVIPHONE03A_11C_BB\5f69baba.tmp", line 85 (column 1): Warning: L6312W: Empty Load region description for region ROOT_CERT
"custom\system\OVIPHONE03A_11C_BB\5f69baba.tmp", line 89 (column 1): Warning: L6312W: Empty Load region description for region EXT_BOOTLOADER
"custom\system\OVIPHONE03A_11C_BB\5f69baba.tmp", line 96 (column 1): Warning: L6312W: Empty Load region description for region CBR
Warning: L6320W: Ignoring --first command. Cannot find argument 'LARGEPOOL_FIRST_ZI'.
Warning: L6320W: Ignoring --keep command. Cannot find argument 'CUST_MEM_INFO'.
Warning: L6320W: Ignoring --keep command. Cannot find argument 'DL_CTRL_BIN'.
Warning: L6320W: Ignoring --keep command. Cannot find argument 'g_boot_cert_sig'.
Warning: L6320W: Ignoring --keep command. Cannot find argument 'logical_data_item_table_ul1'.
Warning: L6320W: Ignoring --keep command. Cannot find argument 'logical_data_item_table_cust'.
Warning: L6320W: Ignoring --keep command. Cannot find argument 'g_nvram_custpack_init'.
Warning: L6385W: Addition overflow on line 1666
Warning: L6385W: Addition overflow on line 1666
Warning: L6746W: RW data compression has been turned off: Linker defined symbol 'Load$$CACHED_EXTSRAM_NVRAM_LTABLE$$Base' attempts to get the load address of a region following data.
Warning: L6746W: RW data compression has been turned off: Linker defined symbol 'Load$$DYNAMIC_CACHEABLE_EXTSRAM_DEFAULT_CACHEABLE_RW$$Base' attempts to get the load address of a region following data.
Warning: L6746W: RW data compression has been turned off: Linker defined symbol 'Load$$DYNAMIC_CACHEABLE_EXTSRAM_DEFAULT_CACHEABLE_ZI_MMIPOOL$$Base' attempts to get the load address of a region following data.
Warning: L6746W: RW data compression has been turned off: Linker defined symbol 'Load$$DYNAMIC_CACHEABLE_EXTSRAM_DEFAULT_CACHEABLE_ZI$$Base' attempts to get the load address of a region following data.
Warning: L6746W: RW data compression has been turned off: Linker defined symbol 'Load$$EXTSRAM_DSP_TX$$Base' attempts to get the load address of a region following data.
Warning: L6746W: RW data compression has been turned off: Linker defined symbol 'Load$$EXTSRAM_DSP_RX$$Base' attempts to get the load address of a region following data.
Warning: L6746W: RW data compression has been turned off: Linker defined symbol 'Load$$EMIINIT_CODE$$Base' attempts to get the load address of a region following data.
Warning: L6746W: RW data compression has been turned off: Linker defined symbol 'Load$$INTSRAM_CODE$$Base' attempts to get the load address of a region following data.
Warning: L6746W: RW data compression has been turned off: Linker defined symbol 'Load$$INTSRAM_DATA$$Base' attempts to get the load address of a region following data.
Warning: L6746W: RW data compression has been turned off: Linker defined symbol 'Load$$INTSRAM_DATA_PREINIT$$Base' attempts to get the load address of a region following data.
Warning: L6746W: RW data compression has been turned off: Linker defined symbol 'Load$$ROM_SIGNATURE_SECTION$$Base' attempts to get the load address of a region following data.
Warning: L6385W: Addition overflow on line 1666
Warning: L6385W: Addition overflow on line 1666
Warning: L6385W: Addition overflow on line 1666
Warning: L6385W: Addition overflow on line 1666
Warning: L6385W: Addition overflow on line 1666
Warning: L6385W: Addition overflow on line 1666
Warning: L6385W: Addition overflow on line 1666
Warning: L6385W: Addition overflow on line 1666
Warning: L6335W: ARM interworking code in SwCom_Idct_arm7.o(.text) may contain invalid tailcalls to ARM non-interworking code.
"custom\system\OVIPHONE03A_11C_BB\scatAURI.txt", line 114 (column 17): Warning: L6314W: No section matches pattern *.obj(SECINFO).
"custom\system\OVIPHONE03A_11C_BB\scatAURI.txt", line 119 (column 17): Warning: L6314W: No section matches pattern *.obj(MAUI_FOTA_HEAD_INFO).
"custom\system\OVIPHONE03A_11C_BB\scatAURI.txt", line 123 (column 41): Warning: L6314W: No section matches pattern *(i.__rt_udiv_3).
"custom\system\OVIPHONE03A_11C_BB\scatAURI.txt", line 124 (column 41): Warning: L6314W: No section matches pattern *(i.__rt_sdiv_3).
"custom\system\OVIPHONE03A_11C_BB\scatAURI.txt", line 126 (column 41): Warning: L6314W: No section matches pattern *(i.__rt_sdiv_5).
"custom\system\OVIPHONE03A_11C_BB\scatAURI.txt", line 128 (column 41): Warning: L6314W: No section matches pattern *(i.__rt_sdiv_9).
"custom\system\OVIPHONE03A_11C_BB\scatAURI.txt", line 129 (column 41): Warning: L6314W: No section matches pattern *(i.__rt_udiv_21).
"custom\system\OVIPHONE03A_11C_BB\scatAURI.txt", line 130 (column 41): Warning: L6314W: No section matches pattern *(i.__rt_sdiv_21).
"custom\system\OVIPHONE03A_11C_BB\scatAURI.txt", line 131 (column 41): Warning: L6329W: Pattern *(i.__rt_udiv_31) only matches removed unused sections.
"custom\system\OVIPHONE03A_11C_BB\scatAURI.txt", line 132 (column 41): Warning: L6314W: No section matches pattern *(i.__rt_sdiv_31).
"custom\system\OVIPHONE03A_11C_BB\scatAURI.txt", line 134 (column 41): Warning: L6314W: No section matches pattern *(i.__rt_sdiv_60).
"custom\system\OVIPHONE03A_11C_BB\scatAURI.txt", line 135 (column 41): Warning: L6314W: No section matches pattern *(i.__rt_udiv_100).
"custom\system\OVIPHONE03A_11C_BB\scatAURI.txt", line 140 (column 41): Warning: L6314W: No section matches pattern *(i.__rt_sdiv_3600).
"custom\system\OVIPHONE03A_11C_BB\scatAURI.txt", line 141 (column 41): Warning: L6314W: No section matches pattern *(i.__rt_udiv_10000).
"custom\system\OVIPHONE03A_11C_BB\scatAURI.txt", line 142 (column 41): Warning: L6314W: No section matches pattern *(i.__rt_sdiv_10000).
"custom\system\OVIPHONE03A_11C_BB\scatAURI.txt", line 145 (column 42): Warning: L6314W: No section matches pattern cpp_initialise.o(RO-CODE).
"custom\system\OVIPHONE03A_11C_BB\scatAURI.txt", line 145 (column 52): Warning: L6314W: No section matches pattern cpp_initialise.o(RO-DATA).
"custom\system\OVIPHONE03A_11C_BB\scatAURI.txt", line 146 (column 42): Warning: L6314W: No section matches pattern cpp_finalise.o(RO-CODE).
"custom\system\OVIPHONE03A_11C_BB\scatAURI.txt", line 146 (column 52): Warning: L6314W: No section matches pattern cpp_finalise.o(RO-DATA).
"custom\system\OVIPHONE03A_11C_BB\scatAURI.txt", line 147 (column 41): Warning: L6314W: No section matches pattern *(C$$pi_ctorvec).
"custom\system\OVIPHONE03A_11C_BB\scatAURI.txt", line 148 (column 41): Warning: L6314W: No section matches pattern *(C$$pi_dtorvec).
"custom\system\OVIPHONE03A_11C_BB\scatAURI.txt", line 149 (column 41): Warning: L6314W: No section matches pattern *(C$$ddtorvec).
"custom\system\OVIPHONE03A_11C_BB\scatAURI.txt", line 150 (column 41): Warning: L6314W: No section matches pattern *(C$$ctor).
"custom\system\OVIPHONE03A_11C_BB\scatAURI.txt", line 151 (column 41): Warning: L6314W: No section matches pattern *(C$$dtor).
"custom\system\OVIPHONE03A_11C_BB\scatAURI.txt", line 153 (column 42): Warning: L6314W: No section matches pattern init_aeabi.o(RO-CODE).
"custom\system\OVIPHONE03A_11C_BB\scatAURI.txt", line 153 (column 52): Warning: L6314W: No section matches pattern init_aeabi.o(RO-DATA).
"custom\system\OVIPHONE03A_11C_BB\scatAURI.txt", line 154 (column 41): Warning: L6314W: No section matches pattern *(.init_array).
"custom\system\OVIPHONE03A_11C_BB\scatAURI.txt", line 155 (column 41): Warning: L6329W: Pattern *(.ARM.exidx) only matches removed unused sections.
"custom\system\OVIPHONE03A_11C_BB\scatAURI.txt", line 158 (column 42): Warning: L6314W: No section matches pattern *cpplib/*.l(RO).
"custom\system\OVIPHONE03A_11C_BB\scatAURI.txt", line 159 (column 42): Warning: L6329W: Pattern *armlib\*.l(RO) only matches removed unused sections.
"custom\system\OVIPHONE03A_11C_BB\scatAURI.txt", line 160 (column 42): Warning: L6314W: No section matches pattern *cpplib\*.l(RO).
"custom\system\OVIPHONE03A_11C_BB\scatAURI.txt", line 162 (column 43): Warning: L6314W: No section matches pattern *cpplib*(RO-CODE).
"custom\system\OVIPHONE03A_11C_BB\scatAURI.txt", line 162 (column 53): Warning: L6314W: No section matches pattern *cpplib*(RO-DATA).
"custom\system\OVIPHONE03A_11C_BB\scatAURI.txt", line 165 (column 21): Warning: L6314W: No section matches pattern viva.obj(RO-CODE).
"custom\system\OVIPHONE03A_11C_BB\scatAURI.txt", line 195 (column 26): Warning: L6314W: No section matches pattern sw_keypad.obj(RO-DATA).
"custom\system\OVIPHONE03A_11C_BB\scatAURI.txt", line 204 (column 28): Warning: L6314W: No section matches pattern *nucleus_v2.lib(RO).
"custom\system\OVIPHONE03A_11C_BB\scatAURI.txt", line 205 (column 32): Warning: L6314W: No section matches pattern *nucleus_v2_int.lib(RO).
"custom\system\OVIPHONE03A_11C_BB\scatAURI.txt", line 206 (column 34): Warning: L6314W: No section matches pattern *nucleus_v2_debug.lib(RO).
"custom\system\OVIPHONE03A_11C_BB\scatAURI.txt", line 207 (column 38): Warning: L6314W: No section matches pattern *nucleus_v2_ctrl_code.lib(RO).
"custom\system\OVIPHONE03A_11C_BB\scatAURI.txt", line 246 (column 36): Warning: L6314W: No section matches pattern kal_debug_buff_mngr.obj(RO-CODE).
"custom\system\OVIPHONE03A_11C_BB\scatAURI.txt", line 247 (column 47): Warning: L6314W: No section matches pattern kal_debug_nucleus_non_exported.obj(RO-CODE).
"custom\system\OVIPHONE03A_11C_BB\scatAURI.txt", line 297 (column 24): Warning: L6329W: Pattern dcl_aux.obj(RO-CODE) only matches removed unused sections.
"custom\system\OVIPHONE03A_11C_BB\scatAURI.txt", line 307 (column 20): Warning: L6329W: Pattern i2c.obj(RO-CODE) only matches removed unused sections.
"custom\system\OVIPHONE03A_11C_BB\scatAURI.txt", line 309 (column 41): Warning: L6314W: No section matches pattern kal_debug_error_handling.obj(RO-CODE).
"custom\system\OVIPHONE03A_11C_BB\scatAURI.txt", line 354 (column 23): Warning: L6314W: No section matches pattern fs_sst.obj(RO-CODE).
"custom\system\OVIPHONE03A_11C_BB\scatAURI.txt", line 376 (column 22): Warning: L6314W: No section matches pattern dcmgr.obj(RO-CODE).
"custom\system\OVIPHONE03A_11C_BB\scatAURI.txt", line 383 (column 31): Warning: L6314W: No section matches pattern tst_querysimid.obj(RO-CODE).
"custom\system\OVIPHONE03A_11C_BB\scatAURI.txt", line 387 (column 33): Warning: L6314W: No section matches pattern sleep_drv_public.obj(RO-CODE).
"custom\system\OVIPHONE03A_11C_BB\scatAURI.txt", line 389 (column 23): Warning: L6314W: No section matches pattern ts_drv.obj(RO-CODE).
"custom\system\OVIPHONE03A_11C_BB\scatAURI.txt", line 390 (column 24): Warning: L6329W: Pattern dcl_hts.obj(RO-CODE) only matches removed unused sections.
"custom\system\OVIPHONE03A_11C_BB\scatAURI.txt", line 395 (column 25): Warning: L6329W: Pattern gdi_font.obj(RO-CODE) only matches removed unused sections.
"custom\system\OVIPHONE03A_11C_BB\scatAURI.txt", line 397 (column 34): Warning: L6314W: No section matches pattern dsp_ptch_6261_GSM.obj(RO-CODE).
"custom\system\OVIPHONE03A_11C_BB\scatAURI.txt", line 398 (column 31): Warning: L6314W: No section matches pattern kal_public_api.obj(RO-CODE).
"custom\system\OVIPHONE03A_11C_BB\scatAURI.txt", line 399 (column 25): Warning: L6314W: No section matches pattern dtmf_gen.obj(RO-CODE).
"custom\system\OVIPHONE03A_11C_BB\scatAURI.txt", line 421 (column 27): Warning: L6314W: No section matches pattern combo_lcm*.obj(RO).
"custom\system\OVIPHONE03A_11C_BB\scatAURI.txt", line 436 (column 31): Warning: L6314W: No section matches pattern CustStrResComp.obj(RO).
"custom\system\OVIPHONE03A_11C_BB\scatAURI.txt", line 437 (column 31): Warning: L6314W: No section matches pattern CustStrMapComp.obj(RO).
"custom\system\OVIPHONE03A_11C_BB\scatAURI.txt", line 441 (column 29): Warning: L6314W: No section matches pattern l1_interface.obj(RO-DATA).
"custom\system\OVIPHONE03A_11C_BB\scatAURI.txt", line 444 (column 28): Warning: L6314W: No section matches pattern adc_channel.obj(RO-CODE).
"custom\system\OVIPHONE03A_11C_BB\scatAURI.txt", line 444 (column 38): Warning: L6314W: No section matches pattern adc_channel.obj(RO-DATA).
"custom\system\OVIPHONE03A_11C_BB\scatAURI.txt", line 445 (column 29): Warning: L6314W: No section matches pattern alerter_tone.obj(RO-CODE).
"custom\system\OVIPHONE03A_11C_BB\scatAURI.txt", line 445 (column 39): Warning: L6314W: No section matches pattern alerter_tone.obj(RO-DATA).
"custom\system\OVIPHONE03A_11C_BB\scatAURI.txt", line 446 (column 28): Warning: L6314W: No section matches pattern exif_custom.obj(RO-CODE).
"custom\system\OVIPHONE03A_11C_BB\scatAURI.txt", line 446 (column 38): Warning: L6314W: No section matches pattern exif_custom.obj(RO-DATA).
"custom\system\OVIPHONE03A_11C_BB\scatAURI.txt", line 447 (column 28): Warning: L6314W: No section matches pattern irda_custom.obj(RO-CODE).
"custom\system\OVIPHONE03A_11C_BB\scatAURI.txt", line 447 (column 38): Warning: L6314W: No section matches pattern irda_custom.obj(RO-DATA).
"custom\system\OVIPHONE03A_11C_BB\scatAURI.txt", line 448 (column 33): Warning: L6314W: No section matches pattern kbdmain_joystick.obj(RO-CODE).
"custom\system\OVIPHONE03A_11C_BB\scatAURI.txt", line 448 (column 43): Warning: L6314W: No section matches pattern kbdmain_joystick.obj(RO-DATA).
"custom\system\OVIPHONE03A_11C_BB\scatAURI.txt", line 449 (column 28): Warning: L6314W: No section matches pattern pmic_custom.obj(RO-CODE).
"custom\system\OVIPHONE03A_11C_BB\scatAURI.txt", line 449 (column 38): Warning: L6314W: No section matches pattern pmic_custom.obj(RO-DATA).
"custom\system\OVIPHONE03A_11C_BB\scatAURI.txt", line 450 (column 32): Warning: L6314W: No section matches pattern touch_panel_spi.obj(RO-CODE).
"custom\system\OVIPHONE03A_11C_BB\scatAURI.txt", line 450 (column 42): Warning: L6314W: No section matches pattern touch_panel_spi.obj(RO-DATA).
"custom\system\OVIPHONE03A_11C_BB\scatAURI.txt", line 451 (column 25): Warning: L6314W: No section matches pattern touchpad.obj(RO-CODE).
"custom\system\OVIPHONE03A_11C_BB\scatAURI.txt", line 451 (column 35): Warning: L6314W: No section matches pattern touchpad.obj(RO-DATA).
"custom\system\OVIPHONE03A_11C_BB\scatAURI.txt", line 452 (column 32): Warning: L6314W: No section matches pattern touchpad_keydef.obj(RO-CODE).
"custom\system\OVIPHONE03A_11C_BB\scatAURI.txt", line 452 (column 42): Warning: L6314W: No section matches pattern touchpad_keydef.obj(RO-DATA).
"custom\system\OVIPHONE03A_11C_BB\scatAURI.txt", line 453 (column 26): Warning: L6314W: No section matches pattern tv_custom.obj(RO-CODE).
"custom\system\OVIPHONE03A_11C_BB\scatAURI.txt", line 453 (column 36): Warning: L6314W: No section matches pattern tv_custom.obj(RO-DATA).
"custom\system\OVIPHONE03A_11C_BB\scatAURI.txt", line 454 (column 35): Warning: L6314W: No section matches pattern usb_host_ms_custom.obj(RO-CODE).
"custom\system\OVIPHONE03A_11C_BB\scatAURI.txt", line 454 (column 45): Warning: L6314W: No section matches pattern usb_host_ms_custom.obj(RO-DATA).
"custom\system\OVIPHONE03A_11C_BB\scatAURI.txt", line 456 (column 30): Warning: L6314W: No section matches pattern Ext_Charger_*.obj(RO-CODE).
"custom\system\OVIPHONE03A_11C_BB\scatAURI.txt", line 456 (column 40): Warning: L6314W: No section matches pattern Ext_Charger_*.obj(RO-DATA).
"custom\system\OVIPHONE03A_11C_BB\scatAURI.txt", line 457 (column 28): Warning: L6314W: No section matches pattern Ext_Cable_*.obj(RO-CODE).
"custom\system\OVIPHONE03A_11C_BB\scatAURI.txt", line 457 (column 38): Warning: L6314W: No section matches pattern Ext_Cable_*.obj(RO-DATA).
"custom\system\OVIPHONE03A_11C_BB\scatAURI.txt", line 458 (column 28): Warning: L6314W: No section matches pattern cs_fac_det*.obj(RO-CODE).
"custom\system\OVIPHONE03A_11C_BB\scatAURI.txt", line 458 (column 38): Warning: L6314W: No section matches pattern cs_fac_det*.obj(RO-DATA).
"custom\system\OVIPHONE03A_11C_BB\scatAURI.txt", line 459 (column 35): Warning: L6314W: No section matches pattern custNFBProgressImg.obj(RO-CODE).
"custom\system\OVIPHONE03A_11C_BB\scatAURI.txt", line 459 (column 45): Warning: L6314W: No section matches pattern custNFBProgressImg.obj(RO-DATA).
"custom\system\OVIPHONE03A_11C_BB\scatAURI.txt", line 460 (column 23): Warning: L6314W: No section matches pattern mdi_tv.obj(RO-CODE).
"custom\system\OVIPHONE03A_11C_BB\scatAURI.txt", line 460 (column 33): Warning: L6314W: No section matches pattern mdi_tv.obj(RO-DATA).
"custom\system\OVIPHONE03A_11C_BB\scatAURI.txt", line 461 (column 26): Warning: L6314W: No section matches pattern MiscUtils.obj(RO-CODE).
"custom\system\OVIPHONE03A_11C_BB\scatAURI.txt", line 461 (column 36): Warning: L6314W: No section matches pattern MiscUtils.obj(RO-DATA).
"custom\system\OVIPHONE03A_11C_BB\scatAURI.txt", line 462 (column 22): Warning: L6314W: No section matches pattern ul1sm.obj(RO-CODE).
"custom\system\OVIPHONE03A_11C_BB\scatAURI.txt", line 462 (column 32): Warning: L6314W: No section matches pattern ul1sm.obj(RO-DATA).
"custom\system\OVIPHONE03A_11C_BB\scatAURI.txt", line 463 (column 25): Warning: L6314W: No section matches pattern bl_SC624.obj(RO-CODE).
"custom\system\OVIPHONE03A_11C_BB\scatAURI.txt", line 463 (column 35): Warning: L6314W: No section matches pattern bl_SC624.obj(RO-DATA).
"custom\system\OVIPHONE03A_11C_BB\scatAURI.txt", line 464 (column 26): Warning: L6314W: No section matches pattern ws_fs_api.obj(RO-CODE).
"custom\system\OVIPHONE03A_11C_BB\scatAURI.txt", line 464 (column 36): Warning: L6314W: No section matches pattern ws_fs_api.obj(RO-DATA).
"custom\system\OVIPHONE03A_11C_BB\scatAURI.txt", line 465 (column 21): Warning: L6314W: No section matches pattern X509.obj(RO-CODE).
"custom\system\OVIPHONE03A_11C_BB\scatAURI.txt", line 465 (column 31): Warning: L6314W: No section matches pattern X509.obj(RO-DATA).
"custom\system\OVIPHONE03A_11C_BB\scatAURI.txt", line 469 (column 28): Warning: L6314W: No section matches pattern *usb_driver.lib(RO-DATA).
"custom\system\OVIPHONE03A_11C_BB\scatAURI.txt", line 470 (column 25): Warning: L6314W: No section matches pattern *mm_comm.lib(RO-DATA).
"custom\system\OVIPHONE03A_11C_BB\scatAURI.txt", line 474 (column 24): Warning: L6314W: No section matches pattern *cipher.lib(RO-DATA).
"custom\system\OVIPHONE03A_11C_BB\scatAURI.txt", line 479 (column 21): Warning: L6314W: No section matches pattern *sss.lib(RO-DATA).
"custom\system\OVIPHONE03A_11C_BB\scatAURI.txt", line 483 (column 23): Warning: L6314W: No section matches pattern *verno.lib(RO-DATA).
"custom\system\OVIPHONE03A_11C_BB\scatAURI.txt", line 484 (column 25): Warning: L6314W: No section matches pattern *j2me_hi.lib(RO-DATA).
"custom\system\OVIPHONE03A_11C_BB\scatAURI.txt", line 485 (column 30): Warning: L6314W: No section matches pattern *j2me_hi_rvct.lib(RO-DATA).
"custom\system\OVIPHONE03A_11C_BB\scatAURI.txt", line 487 (column 27): Warning: L6314W: No section matches pattern custom_emi.obj(RO-DATA).
"custom\system\OVIPHONE03A_11C_BB\scatAURI.txt", line 488 (column 30): Warning: L6314W: No section matches pattern custom_config.obj(RO-DATA).
"custom\system\OVIPHONE03A_11C_BB\scatAURI.txt", line 490 (column 33): Warning: L6329W: Pattern combo_flash_init.obj(RO-DATA) only matches removed unused sections.
"custom\system\OVIPHONE03A_11C_BB\scatAURI.txt", line 491 (column 27): Warning: L6329W: Pattern custom_sfi.obj(RO-DATA) only matches removed unused sections.
"custom\system\OVIPHONE03A_11C_BB\scatAURI.txt", line 492 (column 30): Warning: L6314W: No section matches pattern chr_parameter.obj(RO-DATA).
"custom\system\OVIPHONE03A_11C_BB\scatAURI.txt", line 493 (column 33): Warning: L6314W: No section matches pattern custom_equipment.obj(RO-DATA).
"custom\system\OVIPHONE03A_11C_BB\scatAURI.txt", line 496 (column 35): Warning: L6314W: No section matches pattern touch_panel_custom.obj(RO-DATA).
"custom\system\OVIPHONE03A_11C_BB\scatAURI.txt", line 501 (column 27): Warning: L6314W: No section matches pattern mmi_create.obj(RO-DATA).
"custom\system\OVIPHONE03A_11C_BB\scatAURI.txt", line 502 (column 25): Warning: L6314W: No section matches pattern mmi_main.obj(RO-DATA).
"custom\system\OVIPHONE03A_11C_BB\scatAURI.txt", line 503 (column 27): Warning: L6314W: No section matches pattern rc4_engine.obj(RO-DATA).
"custom\system\OVIPHONE03A_11C_BB\scatAURI.txt", line 504 (column 23): Warning: L6314W: No section matches pattern bn_lib.obj(RO-DATA).
"custom\system\OVIPHONE03A_11C_BB\scatAURI.txt", line 505 (column 25): Warning: L6314W: No section matches pattern *drv_sec.lib(RO-DATA).
"custom\system\OVIPHONE03A_11C_BB\scatAURI.txt", line 506 (column 28): Warning: L6314W: No section matches pattern usbms_state.obj(RO-DATA).
"custom\system\OVIPHONE03A_11C_BB\scatAURI.txt", line 515 (column 23): Warning: L6314W: No section matches pattern *gdi_2.lib(RO-DATA).
"custom\system\OVIPHONE03A_11C_BB\scatAURI.txt", line 518 (column 28): Warning: L6314W: No section matches pattern gui_wrapper.obj(RO-DATA).
"custom\system\OVIPHONE03A_11C_BB\scatAURI.txt", line 521 (column 25): Warning: L6314W: No section matches pattern *hanwang.lib(RO-DATA).
"custom\system\OVIPHONE03A_11C_BB\scatAURI.txt", line 522 (column 28): Warning: L6329W: Pattern *mre_custom.lib(RO-DATA) only matches removed unused sections.
"custom\system\OVIPHONE03A_11C_BB\scatAURI.txt", line 823 (column 22): Warning: L6329W: Pattern queue.obj(RO) only matches removed unused sections.
"custom\system\OVIPHONE03A_11C_BB\scatAURI.txt", line 1326 (column 16): Warning: L6314W: No section matches pattern *(CAT_RODATA_IMG).
"custom\system\OVIPHONE03A_11C_BB\scatAURI.txt", line 1326 (column 32): Warning: L6314W: No section matches pattern *(CAT_RODATA_ADO).
"custom\system\OVIPHONE03A_11C_BB\scatAURI.txt", line 1326 (column 48): Warning: L6314W: No section matches pattern *(CAT_RODATA_STR).
"custom\system\OVIPHONE03A_11C_BB\scatAURI.txt", line 1327 (column 16): Warning: L6314W: No section matches pattern *(CAT_RODATA_STR_NO_ZIMAGE).
"custom\system\OVIPHONE03A_11C_BB\scatAURI.txt", line 1335 (column 13): Warning: L6329W: Pattern *(SNORCONST) only matches removed unused sections.
"custom\system\OVIPHONE03A_11C_BB\scatAURI.txt", line 1344 (column 24): Warning: L6314W: No section matches pattern *deniro.lib(RW).
"custom\system\OVIPHONE03A_11C_BB\scatAURI.txt", line 1344 (column 29): Warning: L6314W: No section matches pattern *deniro.lib(ZI).
"custom\system\OVIPHONE03A_11C_BB\scatAURI.txt", line 1345 (column 24): Warning: L6314W: No section matches pattern *fs_fig.lib(RW).
"custom\system\OVIPHONE03A_11C_BB\scatAURI.txt", line 1345 (column 29): Warning: L6314W: No section matches pattern *fs_fig.lib(ZI).
"custom\system\OVIPHONE03A_11C_BB\scatAURI.txt", line 1349 (column 24): Warning: L6314W: No section matches pattern med_main.obj(LARGEPOOL_ZI).
"custom\system\OVIPHONE03A_11C_BB\scatAURI.txt", line 1358 (column 13): Warning: L6314W: No section matches pattern *(DYNAMICCACHEABLERW_NC).
"custom\system\OVIPHONE03A_11C_BB\scatAURI.txt", line 1365 (column 13): Warning: L6314W: No section matches pattern *(CACHED_EXTSRAM_RW).
"custom\system\OVIPHONE03A_11C_BB\scatAURI.txt", line 1365 (column 32): Warning: L6314W: No section matches pattern *(CACHED_EXTSRAM_ZI).
"custom\system\OVIPHONE03A_11C_BB\scatAURI.txt", line 1376 (column 28): Warning: L6314W: No section matches pattern *gadget_adp.lib(RW).
"custom\system\OVIPHONE03A_11C_BB\scatAURI.txt", line 1376 (column 33): Warning: L6314W: No section matches pattern *gadget_adp.lib(ZI).
"custom\system\OVIPHONE03A_11C_BB\scatAURI.txt", line 1377 (column 28): Warning: L6314W: No section matches pattern *gadget_lib.lib(RW).
"custom\system\OVIPHONE03A_11C_BB\scatAURI.txt", line 1377 (column 33): Warning: L6314W: No section matches pattern *gadget_lib.lib(ZI).
"custom\system\OVIPHONE03A_11C_BB\scatAURI.txt", line 1378 (column 27): Warning: L6314W: No section matches pattern *(EXTSRAM_GADGET_RW).
"custom\system\OVIPHONE03A_11C_BB\scatAURI.txt", line 1378 (column 46): Warning: L6314W: No section matches pattern *(EXTSRAM_GADGET_ZI).
"custom\system\OVIPHONE03A_11C_BB\scatAURI.txt", line 1382 (column 13): Warning: L6314W: No section matches pattern *(DYNAMICCACHEABLERW_C).
"custom\system\OVIPHONE03A_11C_BB\scatAURI.txt", line 1387 (column 13): Warning: L6314W: No section matches pattern *(VIDEOPOOL_C).
"custom\system\OVIPHONE03A_11C_BB\scatAURI.txt", line 1409 (column 25): Warning: L6329W: Pattern armlibc_rt.obj(SHOULD_NOT_USED_FUNCTION) only matches removed unused sections.
"custom\system\OVIPHONE03A_11C_BB\scatAURI.txt", line 1410 (column 30): Warning: L6329W: Pattern armlibc_rt_heap.obj(SHOULD_NOT_USED_FUNCTION) only matches removed unused sections.
"custom\system\OVIPHONE03A_11C_BB\scatAURI.txt", line 1411 (column 28): Warning: L6314W: No section matches pattern armlibc_rt_io.obj(SHOULD_NOT_USED_FUNCTION).
"custom\system\OVIPHONE03A_11C_BB\scatAURI.txt", line 1412 (column 29): Warning: L6329W: Pattern syscomp_config.obj(SHOULD_NOT_USED_RODATA) only matches removed unused sections.
"custom\system\OVIPHONE03A_11C_BB\scatAURI.txt", line 1422 (column 13): Warning: L6314W: No section matches pattern *(INTSRAM_ROCODE_*).
"custom\system\OVIPHONE03A_11C_BB\scatAURI.txt", line 1425 (column 23): Warning: L6314W: No section matches pattern bootarm.obj(INTERNCODE).
"custom\system\OVIPHONE03A_11C_BB\scatAURI.txt", line 1426 (column 28): Warning: L6314W: No section matches pattern SST_intrCtrl.obj(INTERNCODE).
"custom\system\OVIPHONE03A_11C_BB\scatAURI.txt", line 1426 (column 40): Warning: L6314W: No section matches pattern SST_intrCtrl.obj(INTERNCONST).
"custom\system\OVIPHONE03A_11C_BB\scatAURI.txt", line 1428 (column 21): Warning: L6314W: No section matches pattern memset.o(RO-CODE).
"custom\system\OVIPHONE03A_11C_BB\scatAURI.txt", line 1428 (column 31): Warning: L6314W: No section matches pattern memset.o(RO-DATA).
"custom\system\OVIPHONE03A_11C_BB\scatAURI.txt", line 1429 (column 24): Warning: L6314W: No section matches pattern rt_memclr.o(RO-CODE).
"custom\system\OVIPHONE03A_11C_BB\scatAURI.txt", line 1429 (column 34): Warning: L6314W: No section matches pattern rt_memclr.o(RO-DATA).
"custom\system\OVIPHONE03A_11C_BB\scatAURI.txt", line 1430 (column 22): Warning: L6314W: No section matches pattern callvia.o(RO-CODE).
"custom\system\OVIPHONE03A_11C_BB\scatAURI.txt", line 1430 (column 32): Warning: L6314W: No section matches pattern callvia.o(RO-DATA).
"custom\system\OVIPHONE03A_11C_BB\scatAURI.txt", line 1431 (column 23): Warning: L6314W: No section matches pattern _sprintf.o(RO-CODE).
"custom\system\OVIPHONE03A_11C_BB\scatAURI.txt", line 1431 (column 33): Warning: L6314W: No section matches pattern _sprintf.o(RO-DATA).
"custom\system\OVIPHONE03A_11C_BB\scatAURI.txt", line 1432 (column 24): Warning: L6314W: No section matches pattern rt_memcpy.o(RO-CODE).
"custom\system\OVIPHONE03A_11C_BB\scatAURI.txt", line 1432 (column 34): Warning: L6314W: No section matches pattern rt_memcpy.o(RO-DATA).
"custom\system\OVIPHONE03A_11C_BB\scatAURI.txt", line 1434 (column 22): Warning: L6314W: No section matches pattern rt_udiv.o(RO-CODE).
"custom\system\OVIPHONE03A_11C_BB\scatAURI.txt", line 1434 (column 32): Warning: L6314W: No section matches pattern rt_udiv.o(RO-DATA).
"custom\system\OVIPHONE03A_11C_BB\scatAURI.txt", line 1444 (column 13): Warning: L6314W: No section matches pattern *(INTSRAM_RODATA_*).
"custom\system\OVIPHONE03A_11C_BB\scatAURI.txt", line 1444 (column 31): Warning: L6314W: No section matches pattern *(INTSRAM_RW_*).
"custom\system\OVIPHONE03A_11C_BB\scatAURI.txt", line 1444 (column 45): Warning: L6314W: No section matches pattern *(INTSRAM_ZI_*).
"custom\system\OVIPHONE03A_11C_BB\scatAURI.txt", line 1446 (column 26): Warning: L6314W: No section matches pattern stack_init.obj(INTERNCONST).
"custom\system\OVIPHONE03A_11C_BB\scatAURI.txt", line 1446 (column 39): Warning: L6314W: No section matches pattern stack_init.obj(INTERNRW).
"custom\system\OVIPHONE03A_11C_BB\scatAURI.txt", line 1446 (column 49): Warning: L6314W: No section matches pattern stack_init.obj(INTERNZI).
"custom\system\OVIPHONE03A_11C_BB\scatAURI.txt", line 1457 (column 20): Warning: L6314W: No section matches pattern uart.obj(INTSRAM_RODATA).
"custom\system\OVIPHONE03A_11C_BB\scatAURI.txt", line 1457 (column 36): Warning: L6314W: No section matches pattern uart.obj(INTSRAM_RW).
"custom\system\OVIPHONE03A_11C_BB\scatAURI.txt", line 1457 (column 48): Warning: L6314W: No section matches pattern uart.obj(INTSRAM_ZI).
"custom\system\OVIPHONE03A_11C_BB\scatAURI.txt", line 1459 (column 21): Warning: L6314W: No section matches pattern *init.lib(INTSRAM_RODATA).
"custom\system\OVIPHONE03A_11C_BB\scatAURI.txt", line 1459 (column 37): Warning: L6314W: No section matches pattern *init.lib(INTSRAM_RW).
"custom\system\OVIPHONE03A_11C_BB\scatAURI.txt", line 1459 (column 49): Warning: L6314W: No section matches pattern *init.lib(INTSRAM_ZI).
"custom\system\OVIPHONE03A_11C_BB\scatAURI.txt", line 1498 (column 20): Warning: L6314W: No section matches pattern *vrt.lib(RO-CODE).
"custom\system\OVIPHONE03A_11C_BB\scatAURI.txt", line 1498 (column 30): Warning: L6314W: No section matches pattern *vrt.lib(RO-DATA).
"custom\system\OVIPHONE03A_11C_BB\scatAURI.txt", line 1499 (column 24): Warning: L6314W: No section matches pattern l1d_data.obj(RO-CODE).
"custom\system\OVIPHONE03A_11C_BB\scatAURI.txt", line 1530 (column 23): Warning: L6314W: No section matches pattern anon$$obj.o(RO).
"custom\system\OVIPHONE03A_11C_BB\scatAURI.txt", line 1584 (column 11): Warning: L6314W: No section matches pattern *(DYNAMIC_CODE_H264DEC_ROCODE).
"custom\system\OVIPHONE03A_11C_BB\scatAURI.txt", line 1584 (column 40): Warning: L6314W: No section matches pattern *(DYNAMIC_CODE_H264DEC_RODATA).
"custom\system\OVIPHONE03A_11C_BB\scatAURI.txt", line 1622 (column 11): Warning: L6314W: No section matches pattern *(DYNAMIC_CODE_MP4DECSP_ROCODE).
"custom\system\OVIPHONE03A_11C_BB\scatAURI.txt", line 1622 (column 41): Warning: L6314W: No section matches pattern *(DYNAMIC_CODE_MP4DECSP_RODATA).
"custom\system\OVIPHONE03A_11C_BB\scatAURI.txt", line 1660 (column 11): Warning: L6314W: No section matches pattern *(DYNAMIC_CODE_VP8DEC_ROCODE).
"custom\system\OVIPHONE03A_11C_BB\scatAURI.txt", line 1660 (column 39): Warning: L6314W: No section matches pattern *(DYNAMIC_CODE_VP8DEC_RODATA).
"custom\system\OVIPHONE03A_11C_BB\scatAURI.txt", line 1684 (column 28): Warning: L6314W: No section matches pattern l1_interface.obj(RO).
"custom\system\OVIPHONE03A_11C_BB\scatAURI.txt", line 1693 (column 28): Warning: L6329W: Pattern *drv_display.lib(RO) only matches removed unused sections.
"custom\system\OVIPHONE03A_11C_BB\scatAURI.txt", line 1697 (column 21): Warning: L6329W: Pattern *init.lib(RO) only matches removed unused sections.
"custom\system\OVIPHONE03A_11C_BB\scatAURI.txt", line 1700 (column 20): Warning: L6314W: No section matches pattern *sss.lib(RO).
"custom\system\OVIPHONE03A_11C_BB\scatAURI.txt", line 1705 (column 24): Warning: L6314W: No section matches pattern *j2me_hi.lib(RO).
"custom\system\OVIPHONE03A_11C_BB\scatAURI.txt", line 1706 (column 29): Warning: L6314W: No section matches pattern *j2me_hi_rvct.lib(RO).
"custom\system\OVIPHONE03A_11C_BB\scatAURI.txt", line 1708 (column 26): Warning: L6314W: No section matches pattern custom_emi.obj(RO).
"custom\system\OVIPHONE03A_11C_BB\scatAURI.txt", line 1710 (column 31): Warning: L6329W: Pattern custom_jump_tbl.obj(RO) only matches removed unused sections.
"custom\system\OVIPHONE03A_11C_BB\scatAURI.txt", line 1711 (column 32): Warning: L6329W: Pattern combo_flash_init.obj(RO-CODE) only matches removed unused sections.
"custom\system\OVIPHONE03A_11C_BB\scatAURI.txt", line 1712 (column 26): Warning: L6329W: Pattern custom_sfi.obj(RO-CODE) only matches removed unused sections.
"custom\system\OVIPHONE03A_11C_BB\scatAURI.txt", line 1713 (column 29): Warning: L6314W: No section matches pattern chr_parameter.obj(RO).
"custom\system\OVIPHONE03A_11C_BB\scatAURI.txt", line 1718 (column 23): Warning: L6329W: Pattern adc_var.obj(RO) only matches removed unused sections.
"custom\system\OVIPHONE03A_11C_BB\scatAURI.txt", line 1719 (column 24): Warning: L6329W: Pattern eint_var.obj(RO) only matches removed unused sections.
"custom\system\OVIPHONE03A_11C_BB\scatAURI.txt", line 1720 (column 24): Warning: L6329W: Pattern gpio_var.obj(RO) only matches removed unused sections.
"custom\system\OVIPHONE03A_11C_BB\scatAURI.txt", line 1721 (column 23): Warning: L6329W: Pattern uem_drv.obj(RO) only matches removed unused sections.
"custom\system\OVIPHONE03A_11C_BB\scatAURI.txt", line 1722 (column 26): Warning: L6314W: No section matches pattern mmi_create.obj(RO).
"custom\system\OVIPHONE03A_11C_BB\scatAURI.txt", line 1723 (column 24): Warning: L6314W: No section matches pattern mmi_main.obj(RO).
"custom\system\OVIPHONE03A_11C_BB\scatAURI.txt", line 1724 (column 26): Warning: L6329W: Pattern rc4_engine.obj(RO) only matches removed unused sections.
"custom\system\OVIPHONE03A_11C_BB\scatAURI.txt", line 1725 (column 22): Warning: L6314W: No section matches pattern bn_lib.obj(RO).
"custom\system\OVIPHONE03A_11C_BB\scatAURI.txt", line 1726 (column 24): Warning: L6314W: No section matches pattern *drv_sec.lib(RO).
"custom\system\OVIPHONE03A_11C_BB\scatAURI.txt", line 1728 (column 24): Warning: L6329W: Pattern *sys_sec.lib(RO) only matches removed unused sections.
"custom\system\OVIPHONE03A_11C_BB\scatAURI.txt", line 1731 (column 22): Warning: L6314W: No section matches pattern *gdi_2.lib(RO).
"custom\system\OVIPHONE03A_11C_BB\scatAURI.txt", line 1734 (column 27): Warning: L6314W: No section matches pattern gui_wrapper.obj(RO).
"custom\system\OVIPHONE03A_11C_BB\scatAURI.txt", line 1737 (column 25): Warning: L6329W: Pattern sw_keypad.obj(RO) only matches removed unused sections.
"custom\system\OVIPHONE03A_11C_BB\scatAURI.txt", line 1745 (column 23): Warning: L6314W: No section matches pattern anon$$obj.o(RO-CODE).
"custom\system\OVIPHONE03A_11C_BB\scatAURI.txt", line 2306 (column 27): Warning: L6314W: No section matches pattern lsm6ds3_app.obj(RO-CODE).
"custom\system\OVIPHONE03A_11C_BB\scatAURI.txt", line 3146 (column 28): Warning: L6314W: No section matches pattern lsm6ds3_main.obj(RO-CODE).
Finished: 0 information, 258 warning and 0 error messages.
