--------------------------------------------------------------------------
   0       108                                            NVRAM_EF_SYS_LID                    
   0       108                                            NVRAM_EF_SYS_LID                    
   9         6                                  NVRAM_EF_CAT_TIMESTAMP_LID                    
  15       262                                 NVRAM_EF_L1_AGCPATHLOSS_LID                    
  16       666                            NVRAM_EF_L1_RAMPTABLE_GSM850_LID                    
  17       666                            NVRAM_EF_L1_RAMPTABLE_GSM900_LID                    
  18       666                           NVRAM_EF_L1_RAMPTABLE_DCS1800_LID                    
  19       666                           NVRAM_EF_L1_RAMPTABLE_PCS1900_LID                    
  28        10                                     NVRAM_EF_L1_AFCDATA_LID                    
  29        46                                        NVRAM_EF_L1_TXIQ_LID                    
  30       210                               NVRAM_EF_L1_RFSPECIALCOEF_LID                    
  31        18                       NVRAM_EF_L1_INTERSLOT_RAMP_GSM850_LID                    
  32        18                       NVRAM_EF_L1_INTERSLOT_RAMP_GSM900_LID                    
  33        18                      NVRAM_EF_L1_INTERSLOT_RAMP_DCS1800_LID                    
  34        18                      NVRAM_EF_L1_INTERSLOT_RAMP_PCS1900_LID                    
  35        34                             NVRAM_EF_L1_CRYSTAL_AFCDATA_LID                    
  36         6                             NVRAM_EF_L1_CRYSTAL_CAPDATA_LID                    
  37        22                NVRAM_EF_L1_GMSK_TX_POWER_ROLLBACK_TABLE_LID                    
  43         6                           NVRAM_EF_L1_CLOAD_FREQ_OFFSET_LID                    
  67         8                              NVRAM_EF_WNDRV_MAC_ADDRESS_LID                    
  68        30                           NVRAM_EF_WNDRV_TX_POWER_2400M_LID                    
  69        36                           NVRAM_EF_WNDRV_TX_POWER_5000M_LID                    
  70         4                            NVRAM_EF_WNDRV_DAC_DC_OFFSET_LID                    
  71       254                             NVRAM_EF_WNDRV_TX_ALC_POWER_LID                    
  72         5            NVRAM_EF_WNDRV_EXT_SETTING_TRIMVAL_THERMOVAL_LID                    
  73         6                                NVRAM_EF_WNDRV_ALC_SLOPE_LID                    
 115         0                                    NVRAM_EF_WNDRV_TPCFF_LID                    
  98        66                                    NVRAM_EF_BARCODE_NUM_LID                    
  99       314                                       NVRAM_EF_CAL_FLAG_LID                    
 100      1354                                 NVRAM_EF_CAL_DATA_CHECK_LID                    
 161        12                                    NVRAM_EF_IMEI_IMEISV_LID                    
 162       190                                            NVRAM_EF_SML_LID                    
 162       190                                            NVRAM_EF_SML_LID                    
  79        49                            NVRAM_EF_BTRADIO_MTK_BT_CHIP_LID                    
   6      2570                                  NVRAM_EF_SYS_EXCEPTION_LID                    
   7         0                                 NVRAM_EF_SYS_STATISTICS_LID                    
 121         0                                      NVRAM_EF_BAND_INFO_LID                    
 122      1379                                     NVRAM_EF_TST_FILTER_LID                    
 123         0                                   NVRAM_EF_PORT_SETTING_LID                    
 155         0                             NVRAM_EF_SMSAL_MAILBOX_ADDR_LID            CUSTPACK
 156         0                             NVRAM_EF_SMSAL_COMMON_PARAM_LID            CUSTPACK
 157         0                                     NVRAM_EF_SMSAL_SMSP_LID                    
 158         0                                     NVRAM_EF_SMSAL_MWIS_LID                    
 159         0                                  NVRAM_EF_CB_DEFAULT_CH_LID            CUSTPACK
 160         0                                     NVRAM_EF_CB_CH_INFO_LID                    
 146         0                                 NVRAM_EF_TCM_STATISTICS_LID                    
 147         0                                NVRAM_EF_TCM_PDP_PROFILE_LID                    
 148         0                                       NVRAM_EF_CFU_FLAG_LID                    
 149         0                             NVRAM_EF_MM_EQPLMN_LOCIGPRS_LID                    
 151         0                                    NVRAM_EF_ALS_LINE_ID_LID            CUSTPACK
 152         0                                          NVRAM_EF_MSCAP_LID            CUSTPACK
 125         0                                NVRAM_EF_CLASSMARK_RACAP_LID                    
 126         0                                     NVRAM_EF_SIM_ASSERT_LID                    
 127         0                                       NVRAM_EF_RTC_DATA_LID                    
 128      2002                                        NVRAM_EF_NET_PAR_LID                    
 170         0                                       NVRAM_EF_CSM_ESSP_LID                    
 138         0                              NVRAM_EF_CUST_HW_LEVEL_TBL_LID                    
 139         0                           NVRAM_EF_UEM_MANUFACTURE_DATA_LID                    
 140         0                                   NVRAM_EF_UEM_RMI_DATA_LID                    
 141         0                               NVRAM_EF_GPS_SETTING_DATA_LID                    
 143         0                              NVRAM_EF_BWCS_SETTING_DATA_LID                    
 164         0                                    NVRAM_EF_MS_SECURITY_LID            CUSTPACK
 172         0                                NVRAM_EF_SYS_CACHE_OCTET_LID                    
 176         0                                 NVRAM_EF_RAC_PREFERENCE_LID            CUSTPACK
 167         0                        NVRAM_EF_PS_CONFORMANCE_TESTMODE_LID                    
 179         0                                     NVRAM_EF_TST_CONFIG_LID                    
2560       130                                            NVRAM_EF_ADC_LID                    
1280         0                                    NVRAM_EF_CAMERA_PARA_LID                    
1322         0                          NVRAM_EF_CAMERA_MAIN_SENSOR_ID_LID                    
2816         0                                NVRAM_EF_TOUCHPANEL_PARA_LID                    
 186      4400                                            NVRAM_EF_PHB_LID                    
 182         0                                       NVRAM_EF_AUTOTEST_LID                    
 183         0                                     NVRAM_EF_CACHE_BYTE_LID            CUSTPACK
 184         0                                    NVRAM_EF_CACHE_SHORT_LID            CUSTPACK
 185         0                                   NVRAM_EF_CACHE_DOUBLE_LID            CUSTPACK
 364      2024                             NVRAM_EF_MMI_CACHE_BYTE_KEY_LID                    
 365      1012                            NVRAM_EF_MMI_CACHE_SHORT_KEY_LID                    
 366         0                           NVRAM_EF_MMI_CACHE_DOUBLE_KEY_LID                    
 187         0                                        NVRAM_EF_PHB_SOS_LID                    
 190      4800                                     NVRAM_EF_PHB_FIELDS_LID                    
 191         0                                NVRAM_EF_PHB_FIELDS_MASK_LID                    
 193         0                                  NVRAM_EF_PHB_MY_NUMBER_LID                    
 197         0                                       NVRAM_EF_PHB_INFO_LID                    
 205         0                                 NVRAM_EF_CAMERA_SETTING_LID                    
 206         0                                  NVRAM_EF_VIDEO_SETTING_LID                    
 208         0                                  NVRAM_EF_ALM_SPOF_DATA_LID                    
 209         0                                 NVRAM_EF_ALM_ALARM_DATA_LID                    
 211         0                                      NVRAM_EF_GROUPLIST_LID                    
 213         0                             NVRAM_EF_WALLPAPER_FILENAME_LID                    
 214         0                                      NVRAM_EF_SHORTCUTS_LID                    
 218         0                                       NVRAM_EF_FM_RADIO_LID                    
 222         0                                        NVRAM_EF_BT_INFO_LID                    
 223      1298                                    NVRAM_EF_BT_DEV_LIST_LID                    
 224         0                              NVRAM_EF_BT_DEV_LIST_INDEX_LID                    
 225         0                                    NVRAM_EF_BT_SYS_INFO_LID                    
 228         0                                NVRAM_EF_AUDIO_EQUALIZER_LID                    
 242         0                                  NVRAM_EF_A2DP_SETTINGS_LID                    
 245         0                                   NVRAM_EF_WLAN_SETTING_LID                    
 246      7940                                   NVRAM_EF_WLAN_PROFILE_LID                    
 247         0                              NVRAM_EF_EM_NW_EVENT_RINGS_LID                    
 248         0                                   NVRAM_EF_NITZ_NW_NAME_LID                    
 259         0                          NVRAM_EF_UMMS_COMPOSE_SETTINGS_LID                    
 260         0                          NVRAM_EF_UMMS_SENDING_SETTINGS_LID                    
 298         0                               NVRAM_EF_PUSH_GEN_SETTING_LID                    
 301         0                                  NVRAM_EF_INET_CUSTPACK_LID            CUSTPACK
 320         0                             NVRAM_EF_SEARCH_WEB_HISTORY_LID                    
 326         0                             NVRAM_EF_CNMGR_CONNECT_DATA_LID                    
 334     18200                                    NVRAM_EF_SRV_SMS_PDU_LID                    
 342         0                              NVRAM_EF_MRE_FIRST_RUNNING_LID                    
 352         0                                   NVRAM_EF_DTCNT_SIM_ID_LID                    
 212         0                                 NVRAM_EF_GROUPLIST_SIM2_LID                    
 353         0                                    NVRAM_EF_BTHF_CONFIG_LID                    
 355         0                          NVRAM_EF_SRV_SMS_STATUS_REPORT_LID                    
 357      3900                                       NVRAM_EF_CLOG_LOG_LID                    
 358         0                                 NVRAM_EF_CLOG_CALL_TIME_LID                    
 362         0                              NVRAM_EF_CMCC_WIFI_SETTING_LID                    
 367         0                                 NVRAM_EF_SRV_REMINDER_Q_LID                    
 384         0                                      NVRAM_EF_QUICKTEST_LID                    
 386         0                                NVRAM_EF_SRV_NSS_PROFILE_LID                    
 388         0                                        NVRAM_EF_LID_GGT_LID                    
1536         0                             NVRAM_EF_CUST_ACOUSTIC_DATA_LID                    
1537      1854                                    NVRAM_EF_AUDIO_PARAM_LID                    
1538      1762                              NVRAM_EF_AUDIO_BESLOUDNESS_LID                    
1545         0                           NVRAM_EF_AUDIO_DC_CALIBRATION_LID                    
1546         0                          NVRAM_EF_AUDIO_BES_EQ_FLEXIBLE_LID                    
1803         0                           NVRAM_EF_GPS_MMI_SETTING_DATA_LID                    
2048         0                               NVRAM_EF_SRV_PROF_SETTING_LID                    
2049     10440                            NVRAM_EF_SRV_PROF_EXT_MELODY_LID                    
 126     15265                       Package file size
 127      1760                             Info file A
 128      1760                             Info file B
 129      1536                              Extra size
--------------------------------------------------------------------------
NVRAM_COMPRESS=0
